<?xml version="1.0" encoding="UTF-8"?>
<!-- Generated by org.testng.reporters.JUnitReportReporter -->
<testsuite hostname="himani" failures="0" tests="1" name="testCases.TC_002_LoginTest" time="1.627" errors="0" timestamp="2023-09-16T16:15:58 CDT" skipped="0">
  <testcase classname="testCases.TC_002_LoginTest" name="test_Login" time="1.627"/>
  <system-out/>
</testsuite> <!-- testCases.TC_002_LoginTest -->
