<?xml version="1.0" encoding="UTF-8"?>
<!-- Generated by org.testng.reporters.JUnitReportReporter -->
<testsuite hostname="himani" failures="0" tests="5" name="testCases.TC_003_LoginDataDrivenTest" time="39.140" errors="0" timestamp="2023-09-12T11:20:01 CDT" skipped="0">
  <testcase classname="testCases.TC_003_LoginDataDrivenTest" name="test_LoginDDT" time="2.876"/>
  <system-out/>
  <testcase classname="testCases.TC_003_LoginDataDrivenTest" name="test_LoginDDT" time="11.140"/>
  <system-out/>
  <testcase classname="testCases.TC_003_LoginDataDrivenTest" name="test_LoginDDT" time="11.547"/>
  <system-out/>
  <testcase classname="testCases.TC_003_LoginDataDrivenTest" name="test_LoginDDT" time="2.444"/>
  <system-out/>
  <testcase classname="testCases.TC_003_LoginDataDrivenTest" name="test_LoginDDT" time="11.133"/>
  <system-out/>
</testsuite> <!-- testCases.TC_003_LoginDataDrivenTest -->
